<?xml version="1.0" encoding="UTF-8"?>
<!-- Generated by org.testng.reporters.JUnitReportReporter -->
<testsuite hostname="IMLTW043" failures="0" tests="1" name="Sanity_suite.LoginToApp" time="5.585" errors="0" timestamp="2023-09-19T18:36:53 IST" skipped="0">
  <testcase classname="Sanity_suite.LoginToApp" name="signin_To_application" time="5.585"/>
</testsuite> <!-- Sanity_suite.LoginToApp -->
