<?xml version="1.0" encoding="UTF-8"?>
<!-- Generated by org.testng.reporters.JUnitReportReporter -->
<testsuite hostname="IMLTW043" failures="0" tests="1" name="Sanity_suite.Home_Page" time="4.769" errors="0" timestamp="2023-09-19T18:36:53 IST" skipped="0">
  <testcase classname="Sanity_suite.Home_Page" name="verify_header" time="4.769"/>
</testsuite> <!-- Sanity_suite.Home_Page -->
