<?xml version="1.0" encoding="UTF-8"?>
<!-- Generated by org.testng.reporters.JUnitReportReporter -->
<testsuite hostname="IMLTW043" failures="0" tests="1" name="Sanity_suite.LoginToApp" time="9.088" errors="0" timestamp="19 Sep 2023 09:14:21 GMT" skipped="0">
  <testcase classname="Sanity_suite.LoginToApp" name="signin_To_application" time="9.088"/>
</testsuite> <!-- Sanity_suite.LoginToApp -->
